<?xml version="1.0" encoding="UTF-8"?>
<testng-results skipped="3" failed="0" ignored="0" total="4" passed="1">
  <reporter-output>
    <line>
      <![CDATA[Clicking on [[ChromeDriver: chrome on XP (0c00d84d46aa8332ca26afd8dcaf20d4)] -> id: lsubmit]]]>
    </line>
    <line>
      <![CDATA[Clicked on [[ChromeDriver: chrome on XP (0c00d84d46aa8332ca26afd8dcaf20d4)] -> id: lsubmit]]]>
    </line>
    <line>
      <![CDATA[Clicking on [[ChromeDriver: chrome on XP (0c00d84d46aa8332ca26afd8dcaf20d4)] -> id: newButton]]]>
    </line>
    <line>
      <![CDATA[Clicked on [[ChromeDriver: chrome on XP (0c00d84d46aa8332ca26afd8dcaf20d4)] -> id: newButton]]]>
    </line>
    <line>
      <![CDATA[Clicking on [[ChromeDriver: chrome on XP (0c00d84d46aa8332ca26afd8dcaf20d4)] -> xpath: .//li[@id='id-menu-newfolder']/a[contains(text(),'Folder')]]]]>
    </line>
    <line>
      <![CDATA[Clicked on [[ChromeDriver: chrome on XP (0c00d84d46aa8332ca26afd8dcaf20d4)] -> xpath: .//li[@id='id-menu-newfolder']/a[contains(text(),'Folder')]]]]>
    </line>
    <line>
      <![CDATA[Clicking on [[ChromeDriver: chrome on XP (0c00d84d46aa8332ca26afd8dcaf20d4)] -> id: btnOk]]]>
    </line>
    <line>
      <![CDATA[Clicked on [[ChromeDriver: chrome on XP (0c00d84d46aa8332ca26afd8dcaf20d4)] -> id: btnOk]]]>
    </line>
    <line>
      <![CDATA[Clicking on [[ChromeDriver: chrome on XP (0c00d84d46aa8332ca26afd8dcaf20d4)] -> xpath: .//a[@data-trigger='open-document'][contains(text(),'Test13_06_2018_09_21_47')]/ancestor::tr]]]>
    </line>
    <line>
      <![CDATA[Clicked on [[ChromeDriver: chrome on XP (0c00d84d46aa8332ca26afd8dcaf20d4)] -> xpath: .//a[@data-trigger='open-document'][contains(text(),'Test13_06_2018_09_21_47')]/ancestor::tr]]]>
    </line>
    <line>
      <![CDATA[Clicking on [[ChromeDriver: chrome on XP (0c00d84d46aa8332ca26afd8dcaf20d4)] -> id: actionButton]]]>
    </line>
    <line>
      <![CDATA[Clicked on [[ChromeDriver: chrome on XP (0c00d84d46aa8332ca26afd8dcaf20d4)] -> id: actionButton]]]>
    </line>
    <line>
      <![CDATA[Clicking on [[ChromeDriver: chrome on XP (0c00d84d46aa8332ca26afd8dcaf20d4)] -> xpath: .//ul[@id='actionMenu']/li[@id='id-menu-delete'][1]/a[contains(text(),'Delete')]]]]>
    </line>
    <line>
      <![CDATA[Clicked on [[ChromeDriver: chrome on XP (0c00d84d46aa8332ca26afd8dcaf20d4)] -> xpath: .//ul[@id='actionMenu']/li[@id='id-menu-delete'][1]/a[contains(text(),'Delete')]]]]>
    </line>
    <line>
      <![CDATA[Clicking on [[ChromeDriver: chrome on XP (0c00d84d46aa8332ca26afd8dcaf20d4)] -> id: YesButton]]]>
    </line>
    <line>
      <![CDATA[Clicked on [[ChromeDriver: chrome on XP (0c00d84d46aa8332ca26afd8dcaf20d4)] -> id: YesButton]]]>
    </line>
  </reporter-output>
  <suite name="Regression Suite" duration-ms="101177" started-at="2018-06-13T15:51:18Z" finished-at="2018-06-13T15:52:59Z">
    <groups>
    </groups>
    <test name="TC001_VerifyLoginwithInvalidCredentials" duration-ms="101177" started-at="2018-06-13T15:51:18Z" finished-at="2018-06-13T15:52:59Z">
      <class name="com.unifier.automation.dmautomation.LoginPage.TC001_VerifyLoginwithInvalidCredentials">
        <test-method status="PASS" signature="setUp()[pri:0, instance:com.unifier.automation.dmautomation.LoginPage.TC001_VerifyLoginwithInvalidCredentials@48eff760]" name="setUp" is-config="true" duration-ms="6309" started-at="2018-06-13T21:21:18Z" finished-at="2018-06-13T21:21:24Z">
          <reporter-output>
          </reporter-output>
        </test-method> <!-- setUp -->
        <test-method status="PASS" signature="VerifyLoginwithInvalidCredentials(java.lang.String, java.lang.String, java.lang.String)[pri:0, instance:com.unifier.automation.dmautomation.LoginPage.TC001_VerifyLoginwithInvalidCredentials@48eff760]" name="VerifyLoginwithInvalidCredentials" duration-ms="92672" started-at="2018-06-13T21:21:25Z" data-provider="loginData" finished-at="2018-06-13T21:22:57Z">
          <params>
            <param index="0">
              <value>
                <![CDATA[coadmin]]>
              </value>
            </param>
            <param index="1">
              <value>
                <![CDATA[Admin@123]]>
              </value>
            </param>
            <param index="2">
              <value>
                <![CDATA[y]]>
              </value>
            </param>
          </params>
          <reporter-output>
            <line>
              <![CDATA[Clicking on [[ChromeDriver: chrome on XP (0c00d84d46aa8332ca26afd8dcaf20d4)] -> id: lsubmit]]]>
            </line>
            <line>
              <![CDATA[Clicked on [[ChromeDriver: chrome on XP (0c00d84d46aa8332ca26afd8dcaf20d4)] -> id: lsubmit]]]>
            </line>
            <line>
              <![CDATA[Clicking on [[ChromeDriver: chrome on XP (0c00d84d46aa8332ca26afd8dcaf20d4)] -> id: newButton]]]>
            </line>
            <line>
              <![CDATA[Clicked on [[ChromeDriver: chrome on XP (0c00d84d46aa8332ca26afd8dcaf20d4)] -> id: newButton]]]>
            </line>
            <line>
              <![CDATA[Clicking on [[ChromeDriver: chrome on XP (0c00d84d46aa8332ca26afd8dcaf20d4)] -> xpath: .//li[@id='id-menu-newfolder']/a[contains(text(),'Folder')]]]]>
            </line>
            <line>
              <![CDATA[Clicked on [[ChromeDriver: chrome on XP (0c00d84d46aa8332ca26afd8dcaf20d4)] -> xpath: .//li[@id='id-menu-newfolder']/a[contains(text(),'Folder')]]]]>
            </line>
            <line>
              <![CDATA[Clicking on [[ChromeDriver: chrome on XP (0c00d84d46aa8332ca26afd8dcaf20d4)] -> id: btnOk]]]>
            </line>
            <line>
              <![CDATA[Clicked on [[ChromeDriver: chrome on XP (0c00d84d46aa8332ca26afd8dcaf20d4)] -> id: btnOk]]]>
            </line>
            <line>
              <![CDATA[Clicking on [[ChromeDriver: chrome on XP (0c00d84d46aa8332ca26afd8dcaf20d4)] -> xpath: .//a[@data-trigger='open-document'][contains(text(),'Test13_06_2018_09_21_47')]/ancestor::tr]]]>
            </line>
            <line>
              <![CDATA[Clicked on [[ChromeDriver: chrome on XP (0c00d84d46aa8332ca26afd8dcaf20d4)] -> xpath: .//a[@data-trigger='open-document'][contains(text(),'Test13_06_2018_09_21_47')]/ancestor::tr]]]>
            </line>
            <line>
              <![CDATA[Clicking on [[ChromeDriver: chrome on XP (0c00d84d46aa8332ca26afd8dcaf20d4)] -> id: actionButton]]]>
            </line>
            <line>
              <![CDATA[Clicked on [[ChromeDriver: chrome on XP (0c00d84d46aa8332ca26afd8dcaf20d4)] -> id: actionButton]]]>
            </line>
            <line>
              <![CDATA[Clicking on [[ChromeDriver: chrome on XP (0c00d84d46aa8332ca26afd8dcaf20d4)] -> xpath: .//ul[@id='actionMenu']/li[@id='id-menu-delete'][1]/a[contains(text(),'Delete')]]]]>
            </line>
            <line>
              <![CDATA[Clicked on [[ChromeDriver: chrome on XP (0c00d84d46aa8332ca26afd8dcaf20d4)] -> xpath: .//ul[@id='actionMenu']/li[@id='id-menu-delete'][1]/a[contains(text(),'Delete')]]]]>
            </line>
            <line>
              <![CDATA[Clicking on [[ChromeDriver: chrome on XP (0c00d84d46aa8332ca26afd8dcaf20d4)] -> id: YesButton]]]>
            </line>
            <line>
              <![CDATA[Clicked on [[ChromeDriver: chrome on XP (0c00d84d46aa8332ca26afd8dcaf20d4)] -> id: YesButton]]]>
            </line>
          </reporter-output>
        </test-method> <!-- VerifyLoginwithInvalidCredentials -->
        <test-method status="SKIP" signature="VerifyLoginwithInvalidCredentials(java.lang.String, java.lang.String, java.lang.String)[pri:0, instance:com.unifier.automation.dmautomation.LoginPage.TC001_VerifyLoginwithInvalidCredentials@48eff760]" name="VerifyLoginwithInvalidCredentials" duration-ms="0" started-at="2018-06-13T21:22:57Z" data-provider="loginData" finished-at="2018-06-13T21:22:57Z">
          <params>
            <param index="0">
              <value>
                <![CDATA[abcd]]>
              </value>
            </param>
            <param index="1">
              <value>
                <![CDATA[abcd]]>
              </value>
            </param>
            <param index="2">
              <value>
                <![CDATA[n]]>
              </value>
            </param>
          </params>
          <exception class="org.testng.SkipException">
            <message>
              <![CDATA[User marked this record as no run]]>
            </message>
            <full-stacktrace>
              <![CDATA[org.testng.SkipException: User marked this record as no runat com.unifier.automation.dmautomation.LoginPage.TC001_VerifyLoginwithInvalidCredentials.VerifyLoginwithInvalidCredentials(TC001_VerifyLoginwithInvalidCredentials.java:44)at sun.reflect.NativeMethodAccessorImpl.invoke0(Native Method)at sun.reflect.NativeMethodAccessorImpl.invoke(NativeMethodAccessorImpl.java:62)at sun.reflect.DelegatingMethodAccessorImpl.invoke(DelegatingMethodAccessorImpl.java:43)at java.lang.reflect.Method.invoke(Method.java:498)at org.testng.internal.MethodInvocationHelper.invokeMethod(MethodInvocationHelper.java:124)at org.testng.internal.Invoker.invokeMethod(Invoker.java:571)at org.testng.internal.Invoker.invokeTestMethod(Invoker.java:707)at org.testng.internal.Invoker.invokeTestMethods(Invoker.java:979)at org.testng.internal.TestMethodWorker.invokeTestMethods(TestMethodWorker.java:125)at org.testng.internal.TestMethodWorker.run(TestMethodWorker.java:109)at org.testng.TestRunner.privateRun(TestRunner.java:648)at org.testng.TestRunner.run(TestRunner.java:505)at org.testng.SuiteRunner.runTest(SuiteRunner.java:455)at org.testng.SuiteRunner.runSequentially(SuiteRunner.java:450)at org.testng.SuiteRunner.privateRun(SuiteRunner.java:415)at org.testng.SuiteRunner.run(SuiteRunner.java:364)at org.testng.SuiteRunnerWorker.runSuite(SuiteRunnerWorker.java:52)at org.testng.SuiteRunnerWorker.run(SuiteRunnerWorker.java:84)at org.testng.TestNG.runSuitesSequentially(TestNG.java:1187)at org.testng.TestNG.runSuitesLocally(TestNG.java:1116)at org.testng.TestNG.runSuites(TestNG.java:1028)at org.testng.TestNG.run(TestNG.java:996)at org.apache.maven.surefire.testng.TestNGExecutor.run(TestNGExecutor.java:283)at org.apache.maven.surefire.testng.TestNGXmlTestSuite.execute(TestNGXmlTestSuite.java:75)at org.apache.maven.surefire.testng.TestNGProvider.invoke(TestNGProvider.java:120)at org.apache.maven.surefire.booter.ForkedBooter.invokeProviderInSameClassLoader(ForkedBooter.java:373)at org.apache.maven.surefire.booter.ForkedBooter.runSuitesInProcess(ForkedBooter.java:334)at org.apache.maven.surefire.booter.ForkedBooter.execute(ForkedBooter.java:119)at org.apache.maven.surefire.booter.ForkedBooter.main(ForkedBooter.java:407)]]>
            </full-stacktrace>
          </exception> <!-- org.testng.SkipException -->
          <reporter-output>
          </reporter-output>
        </test-method> <!-- VerifyLoginwithInvalidCredentials -->
        <test-method status="SKIP" signature="VerifyLoginwithInvalidCredentials(java.lang.String, java.lang.String, java.lang.String)[pri:0, instance:com.unifier.automation.dmautomation.LoginPage.TC001_VerifyLoginwithInvalidCredentials@48eff760]" name="VerifyLoginwithInvalidCredentials" duration-ms="0" started-at="2018-06-13T21:22:57Z" data-provider="loginData" finished-at="2018-06-13T21:22:57Z">
          <params>
            <param index="0">
              <value>
                <![CDATA[Administrator]]>
              </value>
            </param>
            <param index="1">
              <value>
                <![CDATA[Admin@123]]>
              </value>
            </param>
            <param index="2">
              <value>
                <![CDATA[n]]>
              </value>
            </param>
          </params>
          <exception class="org.testng.SkipException">
            <message>
              <![CDATA[User marked this record as no run]]>
            </message>
            <full-stacktrace>
              <![CDATA[org.testng.SkipException: User marked this record as no runat com.unifier.automation.dmautomation.LoginPage.TC001_VerifyLoginwithInvalidCredentials.VerifyLoginwithInvalidCredentials(TC001_VerifyLoginwithInvalidCredentials.java:44)at sun.reflect.NativeMethodAccessorImpl.invoke0(Native Method)at sun.reflect.NativeMethodAccessorImpl.invoke(NativeMethodAccessorImpl.java:62)at sun.reflect.DelegatingMethodAccessorImpl.invoke(DelegatingMethodAccessorImpl.java:43)at java.lang.reflect.Method.invoke(Method.java:498)at org.testng.internal.MethodInvocationHelper.invokeMethod(MethodInvocationHelper.java:124)at org.testng.internal.Invoker.invokeMethod(Invoker.java:571)at org.testng.internal.Invoker.invokeTestMethod(Invoker.java:707)at org.testng.internal.Invoker.invokeTestMethods(Invoker.java:979)at org.testng.internal.TestMethodWorker.invokeTestMethods(TestMethodWorker.java:125)at org.testng.internal.TestMethodWorker.run(TestMethodWorker.java:109)at org.testng.TestRunner.privateRun(TestRunner.java:648)at org.testng.TestRunner.run(TestRunner.java:505)at org.testng.SuiteRunner.runTest(SuiteRunner.java:455)at org.testng.SuiteRunner.runSequentially(SuiteRunner.java:450)at org.testng.SuiteRunner.privateRun(SuiteRunner.java:415)at org.testng.SuiteRunner.run(SuiteRunner.java:364)at org.testng.SuiteRunnerWorker.runSuite(SuiteRunnerWorker.java:52)at org.testng.SuiteRunnerWorker.run(SuiteRunnerWorker.java:84)at org.testng.TestNG.runSuitesSequentially(TestNG.java:1187)at org.testng.TestNG.runSuitesLocally(TestNG.java:1116)at org.testng.TestNG.runSuites(TestNG.java:1028)at org.testng.TestNG.run(TestNG.java:996)at org.apache.maven.surefire.testng.TestNGExecutor.run(TestNGExecutor.java:283)at org.apache.maven.surefire.testng.TestNGXmlTestSuite.execute(TestNGXmlTestSuite.java:75)at org.apache.maven.surefire.testng.TestNGProvider.invoke(TestNGProvider.java:120)at org.apache.maven.surefire.booter.ForkedBooter.invokeProviderInSameClassLoader(ForkedBooter.java:373)at org.apache.maven.surefire.booter.ForkedBooter.runSuitesInProcess(ForkedBooter.java:334)at org.apache.maven.surefire.booter.ForkedBooter.execute(ForkedBooter.java:119)at org.apache.maven.surefire.booter.ForkedBooter.main(ForkedBooter.java:407)]]>
            </full-stacktrace>
          </exception> <!-- org.testng.SkipException -->
          <reporter-output>
          </reporter-output>
        </test-method> <!-- VerifyLoginwithInvalidCredentials -->
        <test-method status="SKIP" signature="VerifyLoginwithInvalidCredentials(java.lang.String, java.lang.String, java.lang.String)[pri:0, instance:com.unifier.automation.dmautomation.LoginPage.TC001_VerifyLoginwithInvalidCredentials@48eff760]" name="VerifyLoginwithInvalidCredentials" duration-ms="0" started-at="2018-06-13T21:22:57Z" data-provider="loginData" finished-at="2018-06-13T21:22:57Z">
          <params>
            <param index="0">
              <value>
                <![CDATA[Administrator]]>
              </value>
            </param>
            <param index="1">
              <value>
                <![CDATA[Admin@123d]]>
              </value>
            </param>
            <param index="2">
              <value>
                <![CDATA[n]]>
              </value>
            </param>
          </params>
          <exception class="org.testng.SkipException">
            <message>
              <![CDATA[User marked this record as no run]]>
            </message>
            <full-stacktrace>
              <![CDATA[org.testng.SkipException: User marked this record as no runat com.unifier.automation.dmautomation.LoginPage.TC001_VerifyLoginwithInvalidCredentials.VerifyLoginwithInvalidCredentials(TC001_VerifyLoginwithInvalidCredentials.java:44)at sun.reflect.NativeMethodAccessorImpl.invoke0(Native Method)at sun.reflect.NativeMethodAccessorImpl.invoke(NativeMethodAccessorImpl.java:62)at sun.reflect.DelegatingMethodAccessorImpl.invoke(DelegatingMethodAccessorImpl.java:43)at java.lang.reflect.Method.invoke(Method.java:498)at org.testng.internal.MethodInvocationHelper.invokeMethod(MethodInvocationHelper.java:124)at org.testng.internal.Invoker.invokeMethod(Invoker.java:571)at org.testng.internal.Invoker.invokeTestMethod(Invoker.java:707)at org.testng.internal.Invoker.invokeTestMethods(Invoker.java:979)at org.testng.internal.TestMethodWorker.invokeTestMethods(TestMethodWorker.java:125)at org.testng.internal.TestMethodWorker.run(TestMethodWorker.java:109)at org.testng.TestRunner.privateRun(TestRunner.java:648)at org.testng.TestRunner.run(TestRunner.java:505)at org.testng.SuiteRunner.runTest(SuiteRunner.java:455)at org.testng.SuiteRunner.runSequentially(SuiteRunner.java:450)at org.testng.SuiteRunner.privateRun(SuiteRunner.java:415)at org.testng.SuiteRunner.run(SuiteRunner.java:364)at org.testng.SuiteRunnerWorker.runSuite(SuiteRunnerWorker.java:52)at org.testng.SuiteRunnerWorker.run(SuiteRunnerWorker.java:84)at org.testng.TestNG.runSuitesSequentially(TestNG.java:1187)at org.testng.TestNG.runSuitesLocally(TestNG.java:1116)at org.testng.TestNG.runSuites(TestNG.java:1028)at org.testng.TestNG.run(TestNG.java:996)at org.apache.maven.surefire.testng.TestNGExecutor.run(TestNGExecutor.java:283)at org.apache.maven.surefire.testng.TestNGXmlTestSuite.execute(TestNGXmlTestSuite.java:75)at org.apache.maven.surefire.testng.TestNGProvider.invoke(TestNGProvider.java:120)at org.apache.maven.surefire.booter.ForkedBooter.invokeProviderInSameClassLoader(ForkedBooter.java:373)at org.apache.maven.surefire.booter.ForkedBooter.runSuitesInProcess(ForkedBooter.java:334)at org.apache.maven.surefire.booter.ForkedBooter.execute(ForkedBooter.java:119)at org.apache.maven.surefire.booter.ForkedBooter.main(ForkedBooter.java:407)]]>
            </full-stacktrace>
          </exception> <!-- org.testng.SkipException -->
          <reporter-output>
          </reporter-output>
        </test-method> <!-- VerifyLoginwithInvalidCredentials -->
        <test-method status="PASS" signature="endTest()[pri:0, instance:com.unifier.automation.dmautomation.LoginPage.TC001_VerifyLoginwithInvalidCredentials@48eff760]" name="endTest" is-config="true" duration-ms="1537" started-at="2018-06-13T21:22:57Z" finished-at="2018-06-13T21:22:59Z">
          <reporter-output>
          </reporter-output>
        </test-method> <!-- endTest -->
      </class> <!-- com.unifier.automation.dmautomation.LoginPage.TC001_VerifyLoginwithInvalidCredentials -->
    </test> <!-- TC001_VerifyLoginwithInvalidCredentials -->
  </suite> <!-- Regression Suite -->
</testng-results>
